<?xml version="1.0" encoding="UTF-8"?>
<!-- Generated by org.testng.reporters.JUnitXMLReporter -->
<testsuite ignored="0" hostname="LAPTOP-7B0FHFO5" failures="0" tests="4" name="ChromeTest" time="508.233" errors="0" timestamp="2022-09-14T16:15:44 IST">
  <testcase classname="tempTestPack.TestNG2" name="test3" time="31.899"/>
  <testcase classname="tempTestPack.TestNG2" name="test4" time="16.497"/>
  <testcase classname="tempTestPack.TestNG1" name="test1" time="49.987"/>
  <testcase classname="tempTestPack.TestNG1" name="test2" time="31.848"/>
</testsuite> <!-- ChromeTest -->
