<?xml version="1.0" encoding="UTF-8"?>
<!-- Generated by org.testng.reporters.JUnitXMLReporter -->
<testsuite ignored="0" hostname="LAPTOP-7B0FHFO5" failures="0" tests="4" name="Test" time="368.967" errors="0" timestamp="2022-09-13T11:24:11 IST">
  <testcase classname="tempTestPack.TestNG2" name="test3" time="35.001"/>
  <testcase classname="tempTestPack.TestNG2" name="test4" time="11.158"/>
  <testcase classname="tempTestPack.TestNG1" name="test1" time="21.754"/>
  <testcase classname="tempTestPack.TestNG1" name="test2" time="40.806"/>
</testsuite> <!-- Test -->
